CRITICAL - 2023-12-03 03:01:14 --> Class "App\Controllers\MemberModel" not found
in APPPATH\Controllers\MemberController.php on line 11.
 1 SYSTEMPATH\CodeIgniter.php(942): App\Controllers\MemberController->index()
 2 SYSTEMPATH\CodeIgniter.php(502): CodeIgniter\CodeIgniter->runController(Object(App\Controllers\MemberController))
 3 SYSTEMPATH\CodeIgniter.php(361): CodeIgniter\CodeIgniter->handleRequest(null, Object(Config\Cache), false)
 4 FCPATH\index.php(79): CodeIgniter\CodeIgniter->run()
 5 SYSTEMPATH\Commands\Server\rewrite.php(47): require_once('C:\\laragon\\www\\MocoFaco\\public\\index.php')
ERROR - 2023-12-03 03:02:50 --> Error connecting to the database: mysqli_sql_exception: Access denied for user ''@'localhost' (using password: NO) in C:\laragon\www\MocoFaco\system\Database\MySQLi\Connection.php:185
Stack trace:
#0 C:\laragon\www\MocoFaco\system\Database\MySQLi\Connection.php(185): mysqli->real_connect('localhost', '', '', 'ecomm', 3306, '', 0)
#1 C:\laragon\www\MocoFaco\system\Database\BaseConnection.php(392): CodeIgniter\Database\MySQLi\Connection->connect(false)
#2 C:\laragon\www\MocoFaco\system\Database\BaseConnection.php(575): CodeIgniter\Database\BaseConnection->initialize()
#3 C:\laragon\www\MocoFaco\system\Database\BaseBuilder.php(1615): CodeIgniter\Database\BaseConnection->query('SELECT *\nFROM `...', Array, false)
#4 C:\laragon\www\MocoFaco\system\Model.php(237): CodeIgniter\Database\BaseBuilder->get()
#5 C:\laragon\www\MocoFaco\system\BaseModel.php(624): CodeIgniter\Model->doFindAll(0, 0)
#6 C:\laragon\www\MocoFaco\app\Controllers\MemberController.php(12): CodeIgniter\BaseModel->findAll()
#7 C:\laragon\www\MocoFaco\system\CodeIgniter.php(942): App\Controllers\MemberController->index()
#8 C:\laragon\www\MocoFaco\system\CodeIgniter.php(502): CodeIgniter\CodeIgniter->runController(Object(App\Controllers\MemberController))
#9 C:\laragon\www\MocoFaco\system\CodeIgniter.php(361): CodeIgniter\CodeIgniter->handleRequest(NULL, Object(Config\Cache), false)
#10 C:\laragon\www\MocoFaco\public\index.php(79): CodeIgniter\CodeIgniter->run()
#11 C:\laragon\www\MocoFaco\system\Commands\Server\rewrite.php(47): require_once('C:\\laragon\\www\\...')
#12 {main}

Next CodeIgniter\Database\Exceptions\DatabaseException: Access denied for user ''@'localhost' (using password: NO) in C:\laragon\www\MocoFaco\system\Database\MySQLi\Connection.php:229
Stack trace:
#0 C:\laragon\www\MocoFaco\system\Database\BaseConnection.php(392): CodeIgniter\Database\MySQLi\Connection->connect(false)
#1 C:\laragon\www\MocoFaco\system\Database\BaseConnection.php(575): CodeIgniter\Database\BaseConnection->initialize()
#2 C:\laragon\www\MocoFaco\system\Database\BaseBuilder.php(1615): CodeIgniter\Database\BaseConnection->query('SELECT *\nFROM `...', Array, false)
#3 C:\laragon\www\MocoFaco\system\Model.php(237): CodeIgniter\Database\BaseBuilder->get()
#4 C:\laragon\www\MocoFaco\system\BaseModel.php(624): CodeIgniter\Model->doFindAll(0, 0)
#5 C:\laragon\www\MocoFaco\app\Controllers\MemberController.php(12): CodeIgniter\BaseModel->findAll()
#6 C:\laragon\www\MocoFaco\system\CodeIgniter.php(942): App\Controllers\MemberController->index()
#7 C:\laragon\www\MocoFaco\system\CodeIgniter.php(502): CodeIgniter\CodeIgniter->runController(Object(App\Controllers\MemberController))
#8 C:\laragon\www\MocoFaco\system\CodeIgniter.php(361): CodeIgniter\CodeIgniter->handleRequest(NULL, Object(Config\Cache), false)
#9 C:\laragon\www\MocoFaco\public\index.php(79): CodeIgniter\CodeIgniter->run()
#10 C:\laragon\www\MocoFaco\system\Commands\Server\rewrite.php(47): require_once('C:\\laragon\\www\\...')
#11 {main}
CRITICAL - 2023-12-03 03:02:50 --> Unable to connect to the database.
Main connection [MySQLi]: Access denied for user ''@'localhost' (using password: NO)
in SYSTEMPATH\Database\BaseConnection.php on line 428.
 1 SYSTEMPATH\Database\BaseConnection.php(575): CodeIgniter\Database\BaseConnection->initialize()
 2 SYSTEMPATH\Database\BaseBuilder.php(1615): CodeIgniter\Database\BaseConnection->query('SELECT *
FROM `members`', [], false)
 3 SYSTEMPATH\Model.php(237): CodeIgniter\Database\BaseBuilder->get()
 4 SYSTEMPATH\BaseModel.php(624): CodeIgniter\Model->doFindAll(0, 0)
 5 APPPATH\Controllers\MemberController.php(12): CodeIgniter\BaseModel->findAll()
 6 SYSTEMPATH\CodeIgniter.php(942): App\Controllers\MemberController->index()
 7 SYSTEMPATH\CodeIgniter.php(502): CodeIgniter\CodeIgniter->runController(Object(App\Controllers\MemberController))
 8 SYSTEMPATH\CodeIgniter.php(361): CodeIgniter\CodeIgniter->handleRequest(null, Object(Config\Cache), false)
 9 FCPATH\index.php(79): CodeIgniter\CodeIgniter->run()
10 SYSTEMPATH\Commands\Server\rewrite.php(47): require_once('C:\\laragon\\www\\MocoFaco\\public\\index.php')
ERROR - 2023-12-03 03:04:44 --> Error connecting to the database: mysqli_sql_exception: Access denied for user ''@'localhost' (using password: NO) in C:\laragon\www\MocoFaco\system\Database\MySQLi\Connection.php:185
Stack trace:
#0 C:\laragon\www\MocoFaco\system\Database\MySQLi\Connection.php(185): mysqli->real_connect('localhost', '', '', 'ecomm', 3306, '', 0)
#1 C:\laragon\www\MocoFaco\system\Database\BaseConnection.php(392): CodeIgniter\Database\MySQLi\Connection->connect(false)
#2 C:\laragon\www\MocoFaco\system\Database\BaseConnection.php(575): CodeIgniter\Database\BaseConnection->initialize()
#3 C:\laragon\www\MocoFaco\system\Database\BaseBuilder.php(1615): CodeIgniter\Database\BaseConnection->query('SELECT *\nFROM `...', Array, false)
#4 C:\laragon\www\MocoFaco\system\Model.php(237): CodeIgniter\Database\BaseBuilder->get()
#5 C:\laragon\www\MocoFaco\system\BaseModel.php(624): CodeIgniter\Model->doFindAll(0, 0)
#6 C:\laragon\www\MocoFaco\app\Controllers\MemberController.php(12): CodeIgniter\BaseModel->findAll()
#7 C:\laragon\www\MocoFaco\system\CodeIgniter.php(942): App\Controllers\MemberController->index()
#8 C:\laragon\www\MocoFaco\system\CodeIgniter.php(502): CodeIgniter\CodeIgniter->runController(Object(App\Controllers\MemberController))
#9 C:\laragon\www\MocoFaco\system\CodeIgniter.php(361): CodeIgniter\CodeIgniter->handleRequest(NULL, Object(Config\Cache), false)
#10 C:\laragon\www\MocoFaco\public\index.php(79): CodeIgniter\CodeIgniter->run()
#11 C:\laragon\www\MocoFaco\system\Commands\Server\rewrite.php(47): require_once('C:\\laragon\\www\\...')
#12 {main}

Next CodeIgniter\Database\Exceptions\DatabaseException: Access denied for user ''@'localhost' (using password: NO) in C:\laragon\www\MocoFaco\system\Database\MySQLi\Connection.php:229
Stack trace:
#0 C:\laragon\www\MocoFaco\system\Database\BaseConnection.php(392): CodeIgniter\Database\MySQLi\Connection->connect(false)
#1 C:\laragon\www\MocoFaco\system\Database\BaseConnection.php(575): CodeIgniter\Database\BaseConnection->initialize()
#2 C:\laragon\www\MocoFaco\system\Database\BaseBuilder.php(1615): CodeIgniter\Database\BaseConnection->query('SELECT *\nFROM `...', Array, false)
#3 C:\laragon\www\MocoFaco\system\Model.php(237): CodeIgniter\Database\BaseBuilder->get()
#4 C:\laragon\www\MocoFaco\system\BaseModel.php(624): CodeIgniter\Model->doFindAll(0, 0)
#5 C:\laragon\www\MocoFaco\app\Controllers\MemberController.php(12): CodeIgniter\BaseModel->findAll()
#6 C:\laragon\www\MocoFaco\system\CodeIgniter.php(942): App\Controllers\MemberController->index()
#7 C:\laragon\www\MocoFaco\system\CodeIgniter.php(502): CodeIgniter\CodeIgniter->runController(Object(App\Controllers\MemberController))
#8 C:\laragon\www\MocoFaco\system\CodeIgniter.php(361): CodeIgniter\CodeIgniter->handleRequest(NULL, Object(Config\Cache), false)
#9 C:\laragon\www\MocoFaco\public\index.php(79): CodeIgniter\CodeIgniter->run()
#10 C:\laragon\www\MocoFaco\system\Commands\Server\rewrite.php(47): require_once('C:\\laragon\\www\\...')
#11 {main}
CRITICAL - 2023-12-03 03:04:44 --> Unable to connect to the database.
Main connection [MySQLi]: Access denied for user ''@'localhost' (using password: NO)
in SYSTEMPATH\Database\BaseConnection.php on line 428.
 1 SYSTEMPATH\Database\BaseConnection.php(575): CodeIgniter\Database\BaseConnection->initialize()
 2 SYSTEMPATH\Database\BaseBuilder.php(1615): CodeIgniter\Database\BaseConnection->query('SELECT *
FROM `members`', [], false)
 3 SYSTEMPATH\Model.php(237): CodeIgniter\Database\BaseBuilder->get()
 4 SYSTEMPATH\BaseModel.php(624): CodeIgniter\Model->doFindAll(0, 0)
 5 APPPATH\Controllers\MemberController.php(12): CodeIgniter\BaseModel->findAll()
 6 SYSTEMPATH\CodeIgniter.php(942): App\Controllers\MemberController->index()
 7 SYSTEMPATH\CodeIgniter.php(502): CodeIgniter\CodeIgniter->runController(Object(App\Controllers\MemberController))
 8 SYSTEMPATH\CodeIgniter.php(361): CodeIgniter\CodeIgniter->handleRequest(null, Object(Config\Cache), false)
 9 FCPATH\index.php(79): CodeIgniter\CodeIgniter->run()
10 SYSTEMPATH\Commands\Server\rewrite.php(47): require_once('C:\\laragon\\www\\MocoFaco\\public\\index.php')
ERROR - 2023-12-03 03:05:44 --> Error connecting to the database: mysqli_sql_exception: Access denied for user ''@'localhost' (using password: NO) in C:\laragon\www\MocoFaco\system\Database\MySQLi\Connection.php:185
Stack trace:
#0 C:\laragon\www\MocoFaco\system\Database\MySQLi\Connection.php(185): mysqli->real_connect('localhost', '', '', 'mucofaco', 3306, '', 0)
#1 C:\laragon\www\MocoFaco\system\Database\BaseConnection.php(392): CodeIgniter\Database\MySQLi\Connection->connect(false)
#2 C:\laragon\www\MocoFaco\system\Database\BaseConnection.php(575): CodeIgniter\Database\BaseConnection->initialize()
#3 C:\laragon\www\MocoFaco\system\Database\BaseBuilder.php(1615): CodeIgniter\Database\BaseConnection->query('SELECT *\nFROM `...', Array, false)
#4 C:\laragon\www\MocoFaco\system\Model.php(237): CodeIgniter\Database\BaseBuilder->get()
#5 C:\laragon\www\MocoFaco\system\BaseModel.php(624): CodeIgniter\Model->doFindAll(0, 0)
#6 C:\laragon\www\MocoFaco\app\Controllers\MemberController.php(12): CodeIgniter\BaseModel->findAll()
#7 C:\laragon\www\MocoFaco\system\CodeIgniter.php(942): App\Controllers\MemberController->index()
#8 C:\laragon\www\MocoFaco\system\CodeIgniter.php(502): CodeIgniter\CodeIgniter->runController(Object(App\Controllers\MemberController))
#9 C:\laragon\www\MocoFaco\system\CodeIgniter.php(361): CodeIgniter\CodeIgniter->handleRequest(NULL, Object(Config\Cache), false)
#10 C:\laragon\www\MocoFaco\public\index.php(79): CodeIgniter\CodeIgniter->run()
#11 C:\laragon\www\MocoFaco\system\Commands\Server\rewrite.php(47): require_once('C:\\laragon\\www\\...')
#12 {main}

Next CodeIgniter\Database\Exceptions\DatabaseException: Access denied for user ''@'localhost' (using password: NO) in C:\laragon\www\MocoFaco\system\Database\MySQLi\Connection.php:229
Stack trace:
#0 C:\laragon\www\MocoFaco\system\Database\BaseConnection.php(392): CodeIgniter\Database\MySQLi\Connection->connect(false)
#1 C:\laragon\www\MocoFaco\system\Database\BaseConnection.php(575): CodeIgniter\Database\BaseConnection->initialize()
#2 C:\laragon\www\MocoFaco\system\Database\BaseBuilder.php(1615): CodeIgniter\Database\BaseConnection->query('SELECT *\nFROM `...', Array, false)
#3 C:\laragon\www\MocoFaco\system\Model.php(237): CodeIgniter\Database\BaseBuilder->get()
#4 C:\laragon\www\MocoFaco\system\BaseModel.php(624): CodeIgniter\Model->doFindAll(0, 0)
#5 C:\laragon\www\MocoFaco\app\Controllers\MemberController.php(12): CodeIgniter\BaseModel->findAll()
#6 C:\laragon\www\MocoFaco\system\CodeIgniter.php(942): App\Controllers\MemberController->index()
#7 C:\laragon\www\MocoFaco\system\CodeIgniter.php(502): CodeIgniter\CodeIgniter->runController(Object(App\Controllers\MemberController))
#8 C:\laragon\www\MocoFaco\system\CodeIgniter.php(361): CodeIgniter\CodeIgniter->handleRequest(NULL, Object(Config\Cache), false)
#9 C:\laragon\www\MocoFaco\public\index.php(79): CodeIgniter\CodeIgniter->run()
#10 C:\laragon\www\MocoFaco\system\Commands\Server\rewrite.php(47): require_once('C:\\laragon\\www\\...')
#11 {main}
CRITICAL - 2023-12-03 03:05:44 --> Unable to connect to the database.
Main connection [MySQLi]: Access denied for user ''@'localhost' (using password: NO)
in SYSTEMPATH\Database\BaseConnection.php on line 428.
 1 SYSTEMPATH\Database\BaseConnection.php(575): CodeIgniter\Database\BaseConnection->initialize()
 2 SYSTEMPATH\Database\BaseBuilder.php(1615): CodeIgniter\Database\BaseConnection->query('SELECT *
FROM `members`', [], false)
 3 SYSTEMPATH\Model.php(237): CodeIgniter\Database\BaseBuilder->get()
 4 SYSTEMPATH\BaseModel.php(624): CodeIgniter\Model->doFindAll(0, 0)
 5 APPPATH\Controllers\MemberController.php(12): CodeIgniter\BaseModel->findAll()
 6 SYSTEMPATH\CodeIgniter.php(942): App\Controllers\MemberController->index()
 7 SYSTEMPATH\CodeIgniter.php(502): CodeIgniter\CodeIgniter->runController(Object(App\Controllers\MemberController))
 8 SYSTEMPATH\CodeIgniter.php(361): CodeIgniter\CodeIgniter->handleRequest(null, Object(Config\Cache), false)
 9 FCPATH\index.php(79): CodeIgniter\CodeIgniter->run()
10 SYSTEMPATH\Commands\Server\rewrite.php(47): require_once('C:\\laragon\\www\\MocoFaco\\public\\index.php')
ERROR - 2023-12-03 03:05:46 --> Error connecting to the database: mysqli_sql_exception: Access denied for user ''@'localhost' (using password: NO) in C:\laragon\www\MocoFaco\system\Database\MySQLi\Connection.php:185
Stack trace:
#0 C:\laragon\www\MocoFaco\system\Database\MySQLi\Connection.php(185): mysqli->real_connect('localhost', '', '', 'mucofaco', 3306, '', 0)
#1 C:\laragon\www\MocoFaco\system\Database\BaseConnection.php(392): CodeIgniter\Database\MySQLi\Connection->connect(false)
#2 C:\laragon\www\MocoFaco\system\Database\BaseConnection.php(575): CodeIgniter\Database\BaseConnection->initialize()
#3 C:\laragon\www\MocoFaco\system\Database\BaseBuilder.php(1615): CodeIgniter\Database\BaseConnection->query('SELECT *\nFROM `...', Array, false)
#4 C:\laragon\www\MocoFaco\system\Model.php(237): CodeIgniter\Database\BaseBuilder->get()
#5 C:\laragon\www\MocoFaco\system\BaseModel.php(624): CodeIgniter\Model->doFindAll(0, 0)
#6 C:\laragon\www\MocoFaco\app\Controllers\MemberController.php(12): CodeIgniter\BaseModel->findAll()
#7 C:\laragon\www\MocoFaco\system\CodeIgniter.php(942): App\Controllers\MemberController->index()
#8 C:\laragon\www\MocoFaco\system\CodeIgniter.php(502): CodeIgniter\CodeIgniter->runController(Object(App\Controllers\MemberController))
#9 C:\laragon\www\MocoFaco\system\CodeIgniter.php(361): CodeIgniter\CodeIgniter->handleRequest(NULL, Object(Config\Cache), false)
#10 C:\laragon\www\MocoFaco\public\index.php(79): CodeIgniter\CodeIgniter->run()
#11 C:\laragon\www\MocoFaco\system\Commands\Server\rewrite.php(47): require_once('C:\\laragon\\www\\...')
#12 {main}

Next CodeIgniter\Database\Exceptions\DatabaseException: Access denied for user ''@'localhost' (using password: NO) in C:\laragon\www\MocoFaco\system\Database\MySQLi\Connection.php:229
Stack trace:
#0 C:\laragon\www\MocoFaco\system\Database\BaseConnection.php(392): CodeIgniter\Database\MySQLi\Connection->connect(false)
#1 C:\laragon\www\MocoFaco\system\Database\BaseConnection.php(575): CodeIgniter\Database\BaseConnection->initialize()
#2 C:\laragon\www\MocoFaco\system\Database\BaseBuilder.php(1615): CodeIgniter\Database\BaseConnection->query('SELECT *\nFROM `...', Array, false)
#3 C:\laragon\www\MocoFaco\system\Model.php(237): CodeIgniter\Database\BaseBuilder->get()
#4 C:\laragon\www\MocoFaco\system\BaseModel.php(624): CodeIgniter\Model->doFindAll(0, 0)
#5 C:\laragon\www\MocoFaco\app\Controllers\MemberController.php(12): CodeIgniter\BaseModel->findAll()
#6 C:\laragon\www\MocoFaco\system\CodeIgniter.php(942): App\Controllers\MemberController->index()
#7 C:\laragon\www\MocoFaco\system\CodeIgniter.php(502): CodeIgniter\CodeIgniter->runController(Object(App\Controllers\MemberController))
#8 C:\laragon\www\MocoFaco\system\CodeIgniter.php(361): CodeIgniter\CodeIgniter->handleRequest(NULL, Object(Config\Cache), false)
#9 C:\laragon\www\MocoFaco\public\index.php(79): CodeIgniter\CodeIgniter->run()
#10 C:\laragon\www\MocoFaco\system\Commands\Server\rewrite.php(47): require_once('C:\\laragon\\www\\...')
#11 {main}
CRITICAL - 2023-12-03 03:05:46 --> Unable to connect to the database.
Main connection [MySQLi]: Access denied for user ''@'localhost' (using password: NO)
in SYSTEMPATH\Database\BaseConnection.php on line 428.
 1 SYSTEMPATH\Database\BaseConnection.php(575): CodeIgniter\Database\BaseConnection->initialize()
 2 SYSTEMPATH\Database\BaseBuilder.php(1615): CodeIgniter\Database\BaseConnection->query('SELECT *
FROM `members`', [], false)
 3 SYSTEMPATH\Model.php(237): CodeIgniter\Database\BaseBuilder->get()
 4 SYSTEMPATH\BaseModel.php(624): CodeIgniter\Model->doFindAll(0, 0)
 5 APPPATH\Controllers\MemberController.php(12): CodeIgniter\BaseModel->findAll()
 6 SYSTEMPATH\CodeIgniter.php(942): App\Controllers\MemberController->index()
 7 SYSTEMPATH\CodeIgniter.php(502): CodeIgniter\CodeIgniter->runController(Object(App\Controllers\MemberController))
 8 SYSTEMPATH\CodeIgniter.php(361): CodeIgniter\CodeIgniter->handleRequest(null, Object(Config\Cache), false)
 9 FCPATH\index.php(79): CodeIgniter\CodeIgniter->run()
10 SYSTEMPATH\Commands\Server\rewrite.php(47): require_once('C:\\laragon\\www\\MocoFaco\\public\\index.php')
CRITICAL - 2023-12-03 03:06:19 --> Invalid file: "members/index.php"
in SYSTEMPATH\Exceptions\FrameworkException.php on line 39.
 1 SYSTEMPATH\View\View.php(216): CodeIgniter\Exceptions\FrameworkException::forInvalidFile('members/index.php')
 2 SYSTEMPATH\Common.php(1190): CodeIgniter\View\View->render('members/index', [], true)
 3 APPPATH\Controllers\MemberController.php(14): view('members/index', [...])
 4 SYSTEMPATH\CodeIgniter.php(942): App\Controllers\MemberController->index()
 5 SYSTEMPATH\CodeIgniter.php(502): CodeIgniter\CodeIgniter->runController(Object(App\Controllers\MemberController))
 6 SYSTEMPATH\CodeIgniter.php(361): CodeIgniter\CodeIgniter->handleRequest(null, Object(Config\Cache), false)
 7 FCPATH\index.php(79): CodeIgniter\CodeIgniter->run()
 8 SYSTEMPATH\Commands\Server\rewrite.php(47): require_once('C:\\laragon\\www\\MocoFaco\\public\\index.php')
CRITICAL - 2023-12-03 03:13:46 --> Undefined variable $members
in APPPATH\Views\Gallery.php on line 176.
 1 APPPATH\Views\Gallery.php(176): CodeIgniter\Debug\Exceptions->errorHandler(2, 'Undefined variable $members', 'C:\\laragon\\www\\MocoFaco\\app\\Views\\Gallery.php', 176)
 2 SYSTEMPATH\View\View.php(228): include('C:\\laragon\\www\\MocoFaco\\app\\Views\\Gallery.php')
 3 SYSTEMPATH\View\View.php(231): CodeIgniter\View\View->CodeIgniter\View\{closure}()
 4 SYSTEMPATH\Common.php(1190): CodeIgniter\View\View->render('gallery', [], true)
 5 APPPATH\Controllers\Home.php(17): view('gallery')
 6 SYSTEMPATH\CodeIgniter.php(942): App\Controllers\Home->gallery()
 7 SYSTEMPATH\CodeIgniter.php(502): CodeIgniter\CodeIgniter->runController(Object(App\Controllers\Home))
 8 SYSTEMPATH\CodeIgniter.php(361): CodeIgniter\CodeIgniter->handleRequest(null, Object(Config\Cache), false)
 9 FCPATH\index.php(79): CodeIgniter\CodeIgniter->run()
10 SYSTEMPATH\Commands\Server\rewrite.php(47): require_once('C:\\laragon\\www\\MocoFaco\\public\\index.php')
CRITICAL - 2023-12-03 04:08:19 --> Undefined variable $members
in APPPATH\Views\Gallery.php on line 73.
 1 APPPATH\Views\Gallery.php(73): CodeIgniter\Debug\Exceptions->errorHandler(2, 'Undefined variable $members', 'C:\\laragon\\www\\MocoFaco\\app\\Views\\Gallery.php', 73)
 2 SYSTEMPATH\View\View.php(228): include('C:\\laragon\\www\\MocoFaco\\app\\Views\\Gallery.php')
 3 SYSTEMPATH\View\View.php(231): CodeIgniter\View\View->CodeIgniter\View\{closure}()
 4 SYSTEMPATH\Common.php(1190): CodeIgniter\View\View->render('gallery', [], true)
 5 APPPATH\Controllers\Home.php(17): view('gallery')
 6 SYSTEMPATH\CodeIgniter.php(942): App\Controllers\Home->gallery()
 7 SYSTEMPATH\CodeIgniter.php(502): CodeIgniter\CodeIgniter->runController(Object(App\Controllers\Home))
 8 SYSTEMPATH\CodeIgniter.php(361): CodeIgniter\CodeIgniter->handleRequest(null, Object(Config\Cache), false)
 9 FCPATH\index.php(79): CodeIgniter\CodeIgniter->run()
10 SYSTEMPATH\Commands\Server\rewrite.php(47): require_once('C:\\laragon\\www\\MocoFaco\\public\\index.php')
CRITICAL - 2023-12-03 04:11:23 --> Undefined variable $members
in APPPATH\Views\Gallery.php on line 90.
 1 APPPATH\Views\Gallery.php(90): CodeIgniter\Debug\Exceptions->errorHandler(2, 'Undefined variable $members', 'C:\\laragon\\www\\MocoFaco\\app\\Views\\Gallery.php', 90)
 2 SYSTEMPATH\View\View.php(228): include('C:\\laragon\\www\\MocoFaco\\app\\Views\\Gallery.php')
 3 SYSTEMPATH\View\View.php(231): CodeIgniter\View\View->CodeIgniter\View\{closure}()
 4 SYSTEMPATH\Common.php(1190): CodeIgniter\View\View->render('gallery', [], true)
 5 APPPATH\Controllers\Home.php(17): view('gallery')
 6 SYSTEMPATH\CodeIgniter.php(942): App\Controllers\Home->gallery()
 7 SYSTEMPATH\CodeIgniter.php(502): CodeIgniter\CodeIgniter->runController(Object(App\Controllers\Home))
 8 SYSTEMPATH\CodeIgniter.php(361): CodeIgniter\CodeIgniter->handleRequest(null, Object(Config\Cache), false)
 9 FCPATH\index.php(79): CodeIgniter\CodeIgniter->run()
10 SYSTEMPATH\Commands\Server\rewrite.php(47): require_once('C:\\laragon\\www\\MocoFaco\\public\\index.php')
CRITICAL - 2023-12-03 04:12:02 --> Invalid file: "gallery.php"
in SYSTEMPATH\Exceptions\FrameworkException.php on line 39.
 1 SYSTEMPATH\View\View.php(216): CodeIgniter\Exceptions\FrameworkException::forInvalidFile('gallery.php')
 2 SYSTEMPATH\Common.php(1190): CodeIgniter\View\View->render('gallery', [], true)
 3 APPPATH\Controllers\Home.php(17): view('gallery')
 4 SYSTEMPATH\CodeIgniter.php(942): App\Controllers\Home->gallery()
 5 SYSTEMPATH\CodeIgniter.php(502): CodeIgniter\CodeIgniter->runController(Object(App\Controllers\Home))
 6 SYSTEMPATH\CodeIgniter.php(361): CodeIgniter\CodeIgniter->handleRequest(null, Object(Config\Cache), false)
 7 FCPATH\index.php(79): CodeIgniter\CodeIgniter->run()
 8 SYSTEMPATH\Commands\Server\rewrite.php(47): require_once('C:\\laragon\\www\\MocoFaco\\public\\index.php')
