CRITICAL - 2023-11-23 00:18:34 --> Invalid file: "auth/register.php"
in SYSTEMPATH\Exceptions\FrameworkException.php on line 39.
 1 SYSTEMPATH\View\View.php(216): CodeIgniter\Exceptions\FrameworkException::forInvalidFile('auth/register.php')
 2 SYSTEMPATH\Common.php(1190): CodeIgniter\View\View->render('auth/register', [], true)
 3 APPPATH\Controllers\AuthController.php(33): view('auth/register')
 4 SYSTEMPATH\CodeIgniter.php(942): App\Controllers\AuthController->register()
 5 SYSTEMPATH\CodeIgniter.php(502): CodeIgniter\CodeIgniter->runController(Object(App\Controllers\AuthController))
 6 SYSTEMPATH\CodeIgniter.php(361): CodeIgniter\CodeIgniter->handleRequest(null, Object(Config\Cache), false)
 7 FCPATH\index.php(79): CodeIgniter\CodeIgniter->run()
 8 SYSTEMPATH\Commands\Server\rewrite.php(47): require_once('C:\\laragon\\www\\MocoFaco\\public\\index.php')
CRITICAL - 2023-11-23 00:22:01 --> Invalid file: "auth/register.php"
in SYSTEMPATH\Exceptions\FrameworkException.php on line 39.
 1 SYSTEMPATH\View\View.php(216): CodeIgniter\Exceptions\FrameworkException::forInvalidFile('auth/register.php')
 2 SYSTEMPATH\Common.php(1190): CodeIgniter\View\View->render('auth/register', [], true)
 3 APPPATH\Controllers\AuthController.php(33): view('auth/register')
 4 SYSTEMPATH\CodeIgniter.php(942): App\Controllers\AuthController->register()
 5 SYSTEMPATH\CodeIgniter.php(502): CodeIgniter\CodeIgniter->runController(Object(App\Controllers\AuthController))
 6 SYSTEMPATH\CodeIgniter.php(361): CodeIgniter\CodeIgniter->handleRequest(null, Object(Config\Cache), false)
 7 FCPATH\index.php(79): CodeIgniter\CodeIgniter->run()
 8 SYSTEMPATH\Commands\Server\rewrite.php(47): require_once('C:\\laragon\\www\\MocoFaco\\public\\index.php')
CRITICAL - 2023-11-23 00:22:03 --> Invalid file: "auth/register.php"
in SYSTEMPATH\Exceptions\FrameworkException.php on line 39.
 1 SYSTEMPATH\View\View.php(216): CodeIgniter\Exceptions\FrameworkException::forInvalidFile('auth/register.php')
 2 SYSTEMPATH\Common.php(1190): CodeIgniter\View\View->render('auth/register', [], true)
 3 APPPATH\Controllers\AuthController.php(33): view('auth/register')
 4 SYSTEMPATH\CodeIgniter.php(942): App\Controllers\AuthController->register()
 5 SYSTEMPATH\CodeIgniter.php(502): CodeIgniter\CodeIgniter->runController(Object(App\Controllers\AuthController))
 6 SYSTEMPATH\CodeIgniter.php(361): CodeIgniter\CodeIgniter->handleRequest(null, Object(Config\Cache), false)
 7 FCPATH\index.php(79): CodeIgniter\CodeIgniter->run()
 8 SYSTEMPATH\Commands\Server\rewrite.php(47): require_once('C:\\laragon\\www\\MocoFaco\\public\\index.php')
CRITICAL - 2023-11-23 00:22:21 --> Invalid file: "auth/login.php"
in SYSTEMPATH\Exceptions\FrameworkException.php on line 39.
 1 SYSTEMPATH\View\View.php(216): CodeIgniter\Exceptions\FrameworkException::forInvalidFile('auth/login.php')
 2 SYSTEMPATH\Common.php(1190): CodeIgniter\View\View->render('auth/login', [], true)
 3 APPPATH\Controllers\AuthController.php(60): view('auth/login')
 4 SYSTEMPATH\CodeIgniter.php(942): App\Controllers\AuthController->login()
 5 SYSTEMPATH\CodeIgniter.php(502): CodeIgniter\CodeIgniter->runController(Object(App\Controllers\AuthController))
 6 SYSTEMPATH\CodeIgniter.php(361): CodeIgniter\CodeIgniter->handleRequest(null, Object(Config\Cache), false)
 7 FCPATH\index.php(79): CodeIgniter\CodeIgniter->run()
 8 SYSTEMPATH\Commands\Server\rewrite.php(47): require_once('C:\\laragon\\www\\MocoFaco\\public\\index.php')
CRITICAL - 2023-11-23 00:35:38 --> Class "App\Filters\AuthGuard" not found
in SYSTEMPATH\Filters\Filters.php on line 177.
 1 SYSTEMPATH\CodeIgniter.php(474): CodeIgniter\Filters\Filters->run('signin/loginAuth', 'before')
 2 SYSTEMPATH\CodeIgniter.php(361): CodeIgniter\CodeIgniter->handleRequest(null, Object(Config\Cache), false)
 3 FCPATH\index.php(79): CodeIgniter\CodeIgniter->run()
 4 SYSTEMPATH\Commands\Server\rewrite.php(47): require_once('C:\\laragon\\www\\MocoFaco\\public\\index.php')
CRITICAL - 2023-11-23 00:36:47 --> Class "App\Filters\AuthGuard" not found
in SYSTEMPATH\Filters\Filters.php on line 177.
 1 SYSTEMPATH\CodeIgniter.php(474): CodeIgniter\Filters\Filters->run('signin/loginAuth', 'before')
 2 SYSTEMPATH\CodeIgniter.php(361): CodeIgniter\CodeIgniter->handleRequest(null, Object(Config\Cache), false)
 3 FCPATH\index.php(79): CodeIgniter\CodeIgniter->run()
 4 SYSTEMPATH\Commands\Server\rewrite.php(47): require_once('C:\\laragon\\www\\MocoFaco\\public\\index.php')
